12:51:11 **** Incremental Build of configuration Debug for project cereal ****
make all 
Building target: cereal
Invoking: Cross G++ Linker
g++  -o "cereal"  ./cereal.o ./cereal1.o   
duplicate symbol _ans in:
    ./cereal.o
    ./cereal1.o
duplicate symbol _main in:
    ./cereal.o
    ./cereal1.o
duplicate symbol _n in:
    ./cereal.o
    ./cereal1.o
duplicate symbol _m in:
    ./cereal.o
    ./cereal1.o
duplicate symbol _cereal in:
    ./cereal.o
    ./cereal1.o
ld: 5 duplicate symbols for architecture x86_64
clang: error: linker command failed with exit code 1 (use -v to see invocation)
make: *** [cereal] Error 1
"make all" terminated with exit code 2. Build might be incomplete.

12:51:12 Build Failed. 2 errors, 0 warnings. (took 199ms)

