14:43:09 **** Incremental Build of configuration Debug for project inversions ****
make all 
Building file: ../inversions.cpp
Invoking: Cross G++ Compiler
g++ -O0 -g3 -Wall -c -fmessage-length=0 -MMD -MP -MF"inversions.d" -MT"inversions.o" -o "inversions.o" "../inversions.cpp"
../inversions.cpp:27:30: warning: variadic templates are a C++11 extension [-Wc++11-extensions]
template<typename T, typename...Types> void in(T& var1, Types&...var2){cin >> var1; in(var2...);}
                             ^
../inversions.cpp:28:30: warning: variadic templates are a C++11 extension [-Wc++11-extensions]
template<typename T, typename...Types> void out(T var1, Types...var2){cout << var1 << " "; out(var2...);}
                             ^
../inversions.cpp:29:30: warning: variadic templates are a C++11 extension [-Wc++11-extensions]
template<typename T, typename...Types> void outln(T var1, Types...var2){cout << var1 << "\n"; outln(var2...);}
                             ^
../inversions.cpp:36:24: warning: variadic templates are a C++11 extension [-Wc++11-extensions]
template <class T, int ...Ns> struct BIT{ //general Fenwick BIT struct with range sum queries and point updates for D dimensions
                       ^
../inversions.cpp:37:8: warning: in-class initialization of non-static data member is a C++11 extension [-Wc++11-extensions]
        T val = 0; void upd(T v) {val += v;} //map<int,BIT> preferable to BIT array
              ^
../inversions.cpp:40:30: warning: variadic templates are a C++11 extension [-Wc++11-extensions]
template <class T, int N, int... Ns> struct BIT<T, N, Ns...> { //general format (l1,r1,l2,r2,...) for queries
                             ^
../inversions.cpp:42:19: warning: variadic templates are a C++11 extension [-Wc++11-extensions]
        template<typename... Args> void upd(int pos, Args... args) { //general format (pos1,pos2,...,val) for upd
                         ^
../inversions.cpp:44:19: warning: variadic templates are a C++11 extension [-Wc++11-extensions]
        template<typename... Args> T sum(int r, Args... args) {
                         ^
../inversions.cpp:47:19: warning: variadic templates are a C++11 extension [-Wc++11-extensions]
        template<typename... Args> T query(int l, int r, Args...
                         ^
9 warnings generated.
Finished building: ../inversions.cpp
 
Building target: inversions
Invoking: Cross G++ Linker
g++  -o "inversions"  ./inversions.o   
Finished building target: inversions
 

14:43:10 Build Finished. 0 errors, 9 warnings. (took 1s.331ms)

