16:28:28 **** Incremental Build of configuration Debug for project segmentintersect ****
make all 
Building file: ../segmentintersect.cpp
Invoking: Cross G++ Compiler
g++ -O0 -g3 -Wall -c -fmessage-length=0 -MMD -MP -MF"segmentintersect.d" -MT"segmentintersect.o" -o "segmentintersect.o" "../segmentintersect.cpp"
../segmentintersect.cpp:43:7: warning: 'auto' type specifier is a C++11 extension [-Wc++11-extensions]
                for(auto i:input){
                    ^
../segmentintersect.cpp:43:13: warning: range-based for loop is a C++11 extension [-Wc++11-extensions]
                for(auto i:input){
                          ^
../segmentintersect.cpp:47:7: warning: 'auto' type specifier is a C++11 extension [-Wc++11-extensions]
                for(auto sg:segs){
                    ^
../segmentintersect.cpp:47:14: warning: range-based for loop is a C++11 extension [-Wc++11-extensions]
                for(auto sg:segs){
                           ^
../segmentintersect.cpp:53:4: warning: 'auto' type specifier is a C++11 extension [-Wc++11-extensions]
                        auto e=eq.top(); eq.pop();
                        ^
../segmentintersect.cpp:68:5: warning: 'auto' type specifier is a C++11 extension [-Wc++11-extensions]
                                auto inter=mp(e.s[0],e.s[1]); isects.pb(inter);
                                ^
../segmentintersect.cpp:69:5: warning: 'auto' type specifier is a C++11 extension [-Wc++11-extensions]
                                auto s0=raw_to_seg(e.s[0]); auto s1=raw_to_seg(e.s[1]);
                                ^
../segmentintersect.cpp:69:33: warning: 'auto' type specifier is a C++11 extension [-Wc++11-extensions]
                                auto s0=raw_to_seg(e.s[0]); auto s1=raw_to_seg(e.s[1]);
                                                            ^
In file included from ../segmentintersect.cpp:1:
In file included from /Library/Developer/CommandLineTools/usr/include/c++/v1/iostream:38:
In file included from /Library/Developer/CommandLineTools/usr/include/c++/v1/ios:216:
In file included from /Library/Developer/CommandLineTools/usr/include/c++/v1/__locale:15:
In file included from /Library/Developer/CommandLineTools/usr/include/c++/v1/string:500:
In file included from /Library/Developer/CommandLineTools/usr/include/c++/v1/string_view:176:
In file included from /Library/Developer/CommandLineTools/usr/include/c++/v1/__string:56:
In file included from /Library/Developer/CommandLineTools/usr/include/c++/v1/algorithm:645:
/Library/Developer/CommandLineTools/usr/include/c++/v1/functional:724:21: error: invalid operands to binary expression ('const sweepline::event' and 'const sweepline::event')
        {return __x > __y;}
                ~~~ ^ ~~~
/Library/Developer/CommandLineTools/usr/include/c++/v1/algorithm:4889:13: note: in instantiation of member function 'std::__1::greater<sweepline::event>::operator()' requested here
        if (__comp(*__ptr, *--__last))
            ^
/Library/Developer/CommandLineTools/usr/include/c++/v1/algorithm:4917:5: note: in instantiation of function template specialization 'std::__1::__sift_up<std::__1::greater<sweepline::event> &, std::__1::__wrap_iter<sweepline::event *> >' requested here
    __sift_up<_Comp_ref>(__first, __last, __comp, __last - __first);
    ^
/Library/Developer/CommandLineTools/usr/include/c++/v1/queue:735:12: note: in instantiation of function template specialization 'std::__1::push_heap<std::__1::__wrap_iter<sweepline::event *>, std::__1::greater<sweepline::event> >' requested here
    _VSTD::push_heap(c.begin(), c.end(), comp);
           ^
../segmentintersect.cpp:48:39: note: in instantiation of member function 'std::__1::priority_queue<sweepline::event, std::__1::vector<sweepline::event, std::__1::allocator<sweepline::event> >, std::__1::greater<sweepline::event> >::push' requested here
                        event t; t.name='S'; t.s[0]=sg; eq.push(t);
                                                           ^
/Library/Developer/CommandLineTools/usr/include/c++/v1/utility:602:1: note: candidate template ignored: could not match 'pair<type-parameter-0-0, type-parameter-0-1>' against 'const sweepline::event'
operator> (const pair<_T1,_T2>& __x, const pair<_T1,_T2>& __y)
^
/Library/Developer/CommandLineTools/usr/include/c++/v1/iterator:718:1: note: candidate template ignored: could not match 'reverse_iterator<type-parameter-0-0>' against 'const sweepline::event'
operator>(const reverse_iterator<_Iter1>& __x, const reverse_iterator<_Iter2>& __y)
^
/Library/Developer/CommandLineTools/usr/include/c++/v1/iterator:1159:1: note: candidate template ignored: could not match 'move_iterator<type-parameter-0-0>' against 'const sweepline::event'
operator>(const move_iterator<_Iter1>& __x, const move_iterator<_Iter2>& __y)
^
/Library/Developer/CommandLineTools/usr/include/c++/v1/iterator:1535:1: note: candidate template ignored: could not match '__wrap_iter<type-parameter-0-0>' against 'const sweepline::event'
operator>(const __wrap_iter<_Iter1>& __x, const __wrap_iter<_Iter2>& __y) _NOEXCEPT_DEBUG
^
/Library/Developer/CommandLineTools/usr/include/c++/v1/iterator:1567:1: note: candidate template ignored: could not match '__wrap_iter<type-parameter-0-0>' against 'const sweepline::event'
operator>(const __wrap_iter<_Iter1>& __x, const __wrap_iter<_Iter1>& __y) _NOEXCEPT_DEBUG
^
/Library/Developer/CommandLineTools/usr/include/c++/v1/memory:2981:1: note: candidate template ignored: could not match 'unique_ptr<type-parameter-0-0, type-parameter-0-1>' against 'const sweepline::event'
operator> (const unique_ptr<_T1, _D1>& __x, const unique_ptr<_T2, _D2>& __y) {return __y < __x;}
^
/Library/Developer/CommandLineTools/usr/include/c++/v1/memory:3046:1: note: candidate template ignored: could not match 'unique_ptr<type-parameter-0-0, type-parameter-0-1>' against 'const sweepline::event'
operator>(const unique_ptr<_T1, _D1>& __x, nullptr_t)
^
/Library/Developer/CommandLineTools/usr/include/c++/v1/memory:3054:1: note: candidate template ignored: could not match 'unique_ptr<type-parameter-0-0, type-parameter-0-1>' against 'const sweepline::event'
operator>(nullptr_t, const unique_ptr<_T1, _D1>& __x)
^
/Library/Developer/CommandLineTools/usr/include/c++/v1/memory:4822:1: note: candidate template ignored: could not match 'shared_ptr<type-parameter-0-0>' against 'const sweepline::event'
operator>(const shared_ptr<_Tp>& __x, const shared_ptr<_Up>& __y) _NOEXCEPT
^
/Library/Developer/CommandLineTools/usr/include/c++/v1/memory:4894:1: note: candidate template ignored: could not match 'shared_ptr<type-parameter-0-0>' against 'const sweepline::event'
operator>(const shared_ptr<_Tp>& __x, nullptr_t) _NOEXCEPT
^
/Library/Developer/CommandLineTools/usr/include/c++/v1/memory:4902:1: note: candidate template ignored: could not match 'shared_ptr<type-parameter-0-0>' against 'const sweepline::event'
operator>(nullptr_t, const shared_ptr<_Tp>& __x) _NOEXCEPT
^
In file included from ../segmentintersect.cpp:1:
In file included from /Library/Developer/CommandLineTools/usr/include/c++/v1/iostream:38:
In file included from /Library/Developer/CommandLineTools/usr/include/c++/v1/ios:216:
In file included from /Library/Developer/CommandLineTools/usr/include/c++/v1/__locale:15:
In file included from /Library/Developer/CommandLineTools/usr/include/c++/v1/string:500:
In file included from /Library/Developer/CommandLineTools/usr/include/c++/v1/string_view:176:
In file included from /Library/Developer/CommandLineTools/usr/include/c++/v1/__string:56:
In file included from /Library/Developer/CommandLineTools/usr/include/c++/v1/algorithm:644:
In file included from /Library/Developer/CommandLineTools/usr/include/c++/v1/memory:660:
In file included from /Library/Developer/CommandLineTools/usr/include/c++/v1/iterator:417:
/Library/Developer/CommandLineTools/usr/include/c++/v1/__functional_base:55:21: error: invalid operands to binary expression ('const sweepline::seg' and 'const sweepline::seg')
        {return __x < __y;}
                ~~~ ^ ~~~
/Library/Developer/CommandLineTools/usr/include/c++/v1/__tree:2017:17: note: in instantiation of member function 'std::__1::less<sweepline::seg>::operator()' requested here
            if (value_comp()(__v, __nd->__value_))
                ^
/Library/Developer/CommandLineTools/usr/include/c++/v1/__tree:2141:36: note: in instantiation of function template specialization 'std::__1::__tree<sweepline::seg, std::__1::less<sweepline::seg>, std::__1::allocator<sweepline::seg> >::__find_equal<sweepline::seg>' requested here
    __node_base_pointer& __child = __find_equal(__parent, __k);
                                   ^
/Library/Developer/CommandLineTools/usr/include/c++/v1/__tree:1260:16: note: in instantiation of function template specialization 'std::__1::__tree<sweepline::seg, std::__1::less<sweepline::seg>, std::__1::allocator<sweepline::seg> >::__emplace_unique_key_args<sweepline::seg, const sweepline::seg>' requested here
        return __emplace_unique_key_args(_NodeTypes::__get_key(__v), __v);
               ^
/Library/Developer/CommandLineTools/usr/include/c++/v1/set:619:25: note: in instantiation of member function 'std::__1::__tree<sweepline::seg, std::__1::less<sweepline::seg>, std::__1::allocator<sweepline::seg> >::__insert_unique' requested here
        {return __tree_.__insert_unique(__v);}
                        ^
../segmentintersect.cpp:56:13: note: in instantiation of member function 'std::__1::set<sweepline::seg, std::__1::less<sweepline::seg>, std::__1::allocator<sweepline::seg> >::insert' requested here
                                seglist.insert(s);
                                        ^
/Library/Developer/CommandLineTools/usr/include/c++/v1/utility:594:1: note: candidate template ignored: could not match 'pair<type-parameter-0-0, type-parameter-0-1>' against 'const sweepline::seg'
operator< (const pair<_T1,_T2>& __x, const pair<_T1,_T2>& __y)
^
8 warnings and 2 errors generated.
make: *** [segmentintersect.o] Error 1
"make all" terminated with exit code 2. Build might be incomplete.

16:28:29 Build Failed. 3 errors, 8 warnings. (took 675ms)

